[0.008s] Invoking command in '/home/nano/project/ros2_ws/build/mycobot_description': CMAKE_PREFIX_PATH=${CMAKE_PREFIX_PATH}:/opt/ros/jazzy DEBUGINFOD_URLS=https://debuginfod.ubuntu.com /usr/bin/cmake --build /home/nano/project/ros2_ws/build/mycobot_description -- -j12 -l12
[0.027s] -- Found ament_cmake: 2.5.4 (/opt/ros/jazzy/share/ament_cmake/cmake)
[0.161s] -- Found rclcpp: 28.1.10 (/opt/ros/jazzy/share/rclcpp/cmake)
[0.182s] -- Found rosidl_generator_c: 4.6.5 (/opt/ros/jazzy/share/rosidl_generator_c/cmake)
[0.189s] -- Found rosidl_generator_cpp: 4.6.5 (/opt/ros/jazzy/share/rosidl_generator_cpp/cmake)
[0.197s] -- Using all available rosidl_typesupport_c: rosidl_typesupport_fastrtps_c;rosidl_typesupport_introspection_c
[0.207s] -- Using all available rosidl_typesupport_cpp: rosidl_typesupport_fastrtps_cpp;rosidl_typesupport_introspection_cpp
[0.254s] -- Found rmw_implementation_cmake: 7.3.2 (/opt/ros/jazzy/share/rmw_implementation_cmake/cmake)
[0.255s] -- Found rmw_fastrtps_cpp: 8.4.2 (/opt/ros/jazzy/share/rmw_fastrtps_cpp/cmake)
[0.316s] -- Using RMW implementation 'rmw_fastrtps_cpp' as default
[0.365s] -- Found ament_lint_auto: 0.17.2 (/opt/ros/jazzy/share/ament_lint_auto/cmake)
[0.435s] -- Added test 'lint_cmake' to check CMake code style
[0.436s] -- Added test 'xmllint' to check XML markup files
[0.437s] -- Configuring done (0.4s)
[0.439s] -- Generating done (0.0s)
[0.441s] -- Build files have been written to: /home/nano/project/ros2_ws/build/mycobot_description
[0.464s] Invoked command in '/home/nano/project/ros2_ws/build/mycobot_description' returned '0': CMAKE_PREFIX_PATH=${CMAKE_PREFIX_PATH}:/opt/ros/jazzy DEBUGINFOD_URLS=https://debuginfod.ubuntu.com /usr/bin/cmake --build /home/nano/project/ros2_ws/build/mycobot_description -- -j12 -l12
[0.471s] Invoking command in '/home/nano/project/ros2_ws/build/mycobot_description': CMAKE_PREFIX_PATH=${CMAKE_PREFIX_PATH}:/opt/ros/jazzy DEBUGINFOD_URLS=https://debuginfod.ubuntu.com /usr/bin/cmake --install /home/nano/project/ros2_ws/build/mycobot_description
[0.478s] -- Install configuration: ""
[0.478s] -- Installing: /home/nano/project/ros2_ws/install/mycobot_description/share/mycobot_description/launch
[0.478s] -- Installing: /home/nano/project/ros2_ws/install/mycobot_description/share/mycobot_description/meshes
[0.478s] -- Installing: /home/nano/project/ros2_ws/install/mycobot_description/share/mycobot_description/meshes/adaptive_gripper
[0.478s] -- Installing: /home/nano/project/ros2_ws/install/mycobot_description/share/mycobot_description/meshes/adaptive_gripper/visual
[0.478s] -- Installing: /home/nano/project/ros2_ws/install/mycobot_description/share/mycobot_description/meshes/adaptive_gripper/visual/gripper_left2.dae
[0.478s] -- Installing: /home/nano/project/ros2_ws/install/mycobot_description/share/mycobot_description/meshes/adaptive_gripper/visual/gripper_right1.dae
[0.479s] -- Installing: /home/nano/project/ros2_ws/install/mycobot_description/share/mycobot_description/meshes/adaptive_gripper/visual/gripper_left3.dae
[0.479s] -- Installing: /home/nano/project/ros2_ws/install/mycobot_description/share/mycobot_description/meshes/adaptive_gripper/visual/gripper_right3.dae
[0.479s] -- Installing: /home/nano/project/ros2_ws/install/mycobot_description/share/mycobot_description/meshes/adaptive_gripper/visual/gripper_left1.dae
[0.479s] -- Installing: /home/nano/project/ros2_ws/install/mycobot_description/share/mycobot_description/meshes/adaptive_gripper/visual/gripper_base.dae
[0.481s] -- Installing: /home/nano/project/ros2_ws/install/mycobot_description/share/mycobot_description/meshes/adaptive_gripper/visual/gripper_right2.dae
[0.481s] -- Installing: /home/nano/project/ros2_ws/install/mycobot_description/share/mycobot_description/meshes/g_shape_base_v2_0
[0.481s] -- Installing: /home/nano/project/ros2_ws/install/mycobot_description/share/mycobot_description/meshes/g_shape_base_v2_0/visual
[0.481s] -- Installing: /home/nano/project/ros2_ws/install/mycobot_description/share/mycobot_description/meshes/g_shape_base_v2_0/visual/base_link.dae
[0.484s] -- Installing: /home/nano/project/ros2_ws/install/mycobot_description/share/mycobot_description/meshes/mycobot_280
[0.484s] -- Installing: /home/nano/project/ros2_ws/install/mycobot_description/share/mycobot_description/meshes/mycobot_280/visual
[0.484s] -- Installing: /home/nano/project/ros2_ws/install/mycobot_description/share/mycobot_description/meshes/mycobot_280/visual/link6.png
[0.484s] -- Installing: /home/nano/project/ros2_ws/install/mycobot_description/share/mycobot_description/meshes/mycobot_280/visual/link4.png
[0.484s] -- Installing: /home/nano/project/ros2_ws/install/mycobot_description/share/mycobot_description/meshes/mycobot_280/visual/link7.dae
[0.485s] -- Installing: /home/nano/project/ros2_ws/install/mycobot_description/share/mycobot_description/meshes/mycobot_280/visual/link1.dae
[0.489s] -- Installing: /home/nano/project/ros2_ws/install/mycobot_description/share/mycobot_description/meshes/mycobot_280/visual/link7.png
[0.489s] -- Installing: /home/nano/project/ros2_ws/install/mycobot_description/share/mycobot_description/meshes/mycobot_280/visual/link6.dae
[0.490s] -- Installing: /home/nano/project/ros2_ws/install/mycobot_description/share/mycobot_description/meshes/mycobot_280/visual/link2.png
[0.490s] -- Installing: /home/nano/project/ros2_ws/install/mycobot_description/share/mycobot_description/meshes/mycobot_280/visual/link5.dae
[0.491s] -- Installing: /home/nano/project/ros2_ws/install/mycobot_description/share/mycobot_description/meshes/mycobot_280/visual/link1.png
[0.491s] -- Installing: /home/nano/project/ros2_ws/install/mycobot_description/share/mycobot_description/meshes/mycobot_280/visual/link4.dae
[0.492s] -- Installing: /home/nano/project/ros2_ws/install/mycobot_description/share/mycobot_description/meshes/mycobot_280/visual/link2.dae
[0.493s] -- Installing: /home/nano/project/ros2_ws/install/mycobot_description/share/mycobot_description/meshes/mycobot_280/visual/suit_env.dae
[0.497s] -- Installing: /home/nano/project/ros2_ws/install/mycobot_description/share/mycobot_description/meshes/mycobot_280/visual/link3.dae
[0.499s] -- Installing: /home/nano/project/ros2_ws/install/mycobot_description/share/mycobot_description/meshes/mycobot_280/visual/link3.png
[0.499s] -- Installing: /home/nano/project/ros2_ws/install/mycobot_description/share/mycobot_description/meshes/mycobot_280/visual/link5.png
[0.499s] -- Installing: /home/nano/project/ros2_ws/install/mycobot_description/share/mycobot_description/meshes/d435
[0.499s] -- Installing: /home/nano/project/ros2_ws/install/mycobot_description/share/mycobot_description/meshes/d435/visual
[0.499s] -- Installing: /home/nano/project/ros2_ws/install/mycobot_description/share/mycobot_description/meshes/d435/visual/d435.stl
[0.505s] -- Installing: /home/nano/project/ros2_ws/install/mycobot_description/share/mycobot_description/urdf
[0.505s] -- Installing: /home/nano/project/ros2_ws/install/mycobot_description/share/mycobot_description/urdf/robots
[0.506s] -- Installing: /home/nano/project/ros2_ws/install/mycobot_description/share/mycobot_description/urdf/mech
[0.506s] -- Installing: /home/nano/project/ros2_ws/install/mycobot_description/share/mycobot_description/urdf/sensors
[0.506s] -- Installing: /home/nano/project/ros2_ws/install/mycobot_description/share/mycobot_description/urdf/control
[0.506s] [31mCMake Error at cmake_install.cmake:46 (file):
[0.506s]   file INSTALL cannot find
[0.506s]   "/home/nano/project/ros2_ws/src/mycobot_ros2/mycobot_description/rviz": No
[0.506s]   such file or directory.
[0.506s] 
[0.506s] [0m
[0.507s] Invoked command in '/home/nano/project/ros2_ws/build/mycobot_description' returned '1': CMAKE_PREFIX_PATH=${CMAKE_PREFIX_PATH}:/opt/ros/jazzy DEBUGINFOD_URLS=https://debuginfod.ubuntu.com /usr/bin/cmake --install /home/nano/project/ros2_ws/build/mycobot_description
