[0.019s] Invoking command in '/home/nano/project/ros2_ws/build/mycobot_ros2': CMAKE_PREFIX_PATH=/home/nano/project/ros2_ws/install/mycobot_description:/home/nano/project/ros2_ws/install/urdf_tutorial:/home/nano/project/ros2_ws/install/mycobot_ros2:/opt/ros/jazzy/opt/gz_math_vendor:/opt/ros/jazzy/opt/gz_utils_vendor:/opt/ros/jazzy/opt/gz_cmake_vendor:/opt/ros/jazzy DEBUGINFOD_URLS=https://debuginfod.ubuntu.com /usr/bin/cmake --build /home/nano/project/ros2_ws/build/mycobot_ros2 -- -j12 -l12
[0.066s] Invoked command in '/home/nano/project/ros2_ws/build/mycobot_ros2' returned '0': CMAKE_PREFIX_PATH=/home/nano/project/ros2_ws/install/mycobot_description:/home/nano/project/ros2_ws/install/urdf_tutorial:/home/nano/project/ros2_ws/install/mycobot_ros2:/opt/ros/jazzy/opt/gz_math_vendor:/opt/ros/jazzy/opt/gz_utils_vendor:/opt/ros/jazzy/opt/gz_cmake_vendor:/opt/ros/jazzy DEBUGINFOD_URLS=https://debuginfod.ubuntu.com /usr/bin/cmake --build /home/nano/project/ros2_ws/build/mycobot_ros2 -- -j12 -l12
[0.068s] Invoking command in '/home/nano/project/ros2_ws/build/mycobot_ros2': CMAKE_PREFIX_PATH=/home/nano/project/ros2_ws/install/mycobot_description:/home/nano/project/ros2_ws/install/urdf_tutorial:/home/nano/project/ros2_ws/install/mycobot_ros2:/opt/ros/jazzy/opt/gz_math_vendor:/opt/ros/jazzy/opt/gz_utils_vendor:/opt/ros/jazzy/opt/gz_cmake_vendor:/opt/ros/jazzy DEBUGINFOD_URLS=https://debuginfod.ubuntu.com /usr/bin/cmake --install /home/nano/project/ros2_ws/build/mycobot_ros2
[0.077s] -- Install configuration: ""
[0.077s] -- Up-to-date: /home/nano/project/ros2_ws/install/mycobot_ros2/share/ament_index/resource_index/package_run_dependencies/mycobot_ros2
[0.077s] -- Up-to-date: /home/nano/project/ros2_ws/install/mycobot_ros2/share/ament_index/resource_index/parent_prefix_path/mycobot_ros2
[0.077s] -- Up-to-date: /home/nano/project/ros2_ws/install/mycobot_ros2/share/mycobot_ros2/environment/ament_prefix_path.sh
[0.077s] -- Up-to-date: /home/nano/project/ros2_ws/install/mycobot_ros2/share/mycobot_ros2/environment/ament_prefix_path.dsv
[0.077s] -- Up-to-date: /home/nano/project/ros2_ws/install/mycobot_ros2/share/mycobot_ros2/environment/path.sh
[0.077s] -- Up-to-date: /home/nano/project/ros2_ws/install/mycobot_ros2/share/mycobot_ros2/environment/path.dsv
[0.077s] -- Up-to-date: /home/nano/project/ros2_ws/install/mycobot_ros2/share/mycobot_ros2/local_setup.bash
[0.077s] -- Up-to-date: /home/nano/project/ros2_ws/install/mycobot_ros2/share/mycobot_ros2/local_setup.sh
[0.077s] -- Up-to-date: /home/nano/project/ros2_ws/install/mycobot_ros2/share/mycobot_ros2/local_setup.zsh
[0.077s] -- Up-to-date: /home/nano/project/ros2_ws/install/mycobot_ros2/share/mycobot_ros2/local_setup.dsv
[0.077s] -- Installing: /home/nano/project/ros2_ws/install/mycobot_ros2/share/mycobot_ros2/package.dsv
[0.077s] -- Up-to-date: /home/nano/project/ros2_ws/install/mycobot_ros2/share/ament_index/resource_index/packages/mycobot_ros2
[0.078s] -- Up-to-date: /home/nano/project/ros2_ws/install/mycobot_ros2/share/mycobot_ros2/cmake/mycobot_ros2Config.cmake
[0.078s] -- Up-to-date: /home/nano/project/ros2_ws/install/mycobot_ros2/share/mycobot_ros2/cmake/mycobot_ros2Config-version.cmake
[0.078s] -- Up-to-date: /home/nano/project/ros2_ws/install/mycobot_ros2/share/mycobot_ros2/package.xml
[0.079s] Invoked command in '/home/nano/project/ros2_ws/build/mycobot_ros2' returned '0': CMAKE_PREFIX_PATH=/home/nano/project/ros2_ws/install/mycobot_description:/home/nano/project/ros2_ws/install/urdf_tutorial:/home/nano/project/ros2_ws/install/mycobot_ros2:/opt/ros/jazzy/opt/gz_math_vendor:/opt/ros/jazzy/opt/gz_utils_vendor:/opt/ros/jazzy/opt/gz_cmake_vendor:/opt/ros/jazzy DEBUGINFOD_URLS=https://debuginfod.ubuntu.com /usr/bin/cmake --install /home/nano/project/ros2_ws/build/mycobot_ros2
