[0.011s] Invoking command in '/home/nano/project/ros2_ws/build/urdf_tutorial': CMAKE_PREFIX_PATH=${CMAKE_PREFIX_PATH}:/opt/ros/jazzy DEBUGINFOD_URLS=https://debuginfod.ubuntu.com /usr/bin/cmake --build /home/nano/project/ros2_ws/build/urdf_tutorial -- -j12 -l12
[0.051s] Invoked command in '/home/nano/project/ros2_ws/build/urdf_tutorial' returned '0': CMAKE_PREFIX_PATH=${CMAKE_PREFIX_PATH}:/opt/ros/jazzy DEBUGINFOD_URLS=https://debuginfod.ubuntu.com /usr/bin/cmake --build /home/nano/project/ros2_ws/build/urdf_tutorial -- -j12 -l12
[0.052s] Invoking command in '/home/nano/project/ros2_ws/build/urdf_tutorial': CMAKE_PREFIX_PATH=${CMAKE_PREFIX_PATH}:/opt/ros/jazzy DEBUGINFOD_URLS=https://debuginfod.ubuntu.com /usr/bin/cmake --install /home/nano/project/ros2_ws/build/urdf_tutorial
[0.061s] -- Install configuration: ""
[0.061s] -- Up-to-date: /home/nano/project/ros2_ws/install/urdf_tutorial/share/urdf_tutorial/images
[0.061s] -- Up-to-date: /home/nano/project/ros2_ws/install/urdf_tutorial/share/urdf_tutorial/images/materials.png
[0.061s] -- Up-to-date: /home/nano/project/ros2_ws/install/urdf_tutorial/share/urdf_tutorial/images/multipleshapes.png
[0.062s] -- Up-to-date: /home/nano/project/ros2_ws/install/urdf_tutorial/share/urdf_tutorial/images/visual.png
[0.062s] -- Up-to-date: /home/nano/project/ros2_ws/install/urdf_tutorial/share/urdf_tutorial/images/origins.png
[0.062s] -- Up-to-date: /home/nano/project/ros2_ws/install/urdf_tutorial/share/urdf_tutorial/images/myfirst.png
[0.062s] -- Up-to-date: /home/nano/project/ros2_ws/install/urdf_tutorial/share/urdf_tutorial/images/flexible.png
[0.062s] -- Up-to-date: /home/nano/project/ros2_ws/install/urdf_tutorial/share/urdf_tutorial/launch
[0.062s] -- Up-to-date: /home/nano/project/ros2_ws/install/urdf_tutorial/share/urdf_tutorial/launch/display.launch.py
[0.062s] -- Up-to-date: /home/nano/project/ros2_ws/install/urdf_tutorial/share/urdf_tutorial/meshes
[0.062s] -- Up-to-date: /home/nano/project/ros2_ws/install/urdf_tutorial/share/urdf_tutorial/meshes/l_finger_tip_color.png
[0.062s] -- Up-to-date: /home/nano/project/ros2_ws/install/urdf_tutorial/share/urdf_tutorial/meshes/l_finger_color.png
[0.062s] -- Up-to-date: /home/nano/project/ros2_ws/install/urdf_tutorial/share/urdf_tutorial/meshes/l_finger.dae
[0.062s] -- Up-to-date: /home/nano/project/ros2_ws/install/urdf_tutorial/share/urdf_tutorial/meshes/l_finger_tip.dae
[0.062s] -- Up-to-date: /home/nano/project/ros2_ws/install/urdf_tutorial/share/urdf_tutorial/rviz
[0.062s] -- Up-to-date: /home/nano/project/ros2_ws/install/urdf_tutorial/share/urdf_tutorial/rviz/urdf.rviz
[0.062s] -- Up-to-date: /home/nano/project/ros2_ws/install/urdf_tutorial/share/urdf_tutorial/urdf
[0.062s] -- Up-to-date: /home/nano/project/ros2_ws/install/urdf_tutorial/share/urdf_tutorial/urdf/06-flexible.urdf
[0.062s] -- Up-to-date: /home/nano/project/ros2_ws/install/urdf_tutorial/share/urdf_tutorial/urdf/01-myfirst.urdf
[0.062s] -- Up-to-date: /home/nano/project/ros2_ws/install/urdf_tutorial/share/urdf_tutorial/urdf/03-origins.urdf
[0.062s] -- Up-to-date: /home/nano/project/ros2_ws/install/urdf_tutorial/share/urdf_tutorial/urdf/05-visual.urdf
[0.062s] -- Up-to-date: /home/nano/project/ros2_ws/install/urdf_tutorial/share/urdf_tutorial/urdf/08-macroed.urdf.xacro
[0.062s] -- Up-to-date: /home/nano/project/ros2_ws/install/urdf_tutorial/share/urdf_tutorial/urdf/04-materials.urdf
[0.062s] -- Up-to-date: /home/nano/project/ros2_ws/install/urdf_tutorial/share/urdf_tutorial/urdf/02-multipleshapes.urdf
[0.063s] -- Up-to-date: /home/nano/project/ros2_ws/install/urdf_tutorial/share/urdf_tutorial/urdf/07-physics.urdf
[0.063s] -- Up-to-date: /home/nano/project/ros2_ws/install/urdf_tutorial/share/ament_index/resource_index/package_run_dependencies/urdf_tutorial
[0.063s] -- Up-to-date: /home/nano/project/ros2_ws/install/urdf_tutorial/share/ament_index/resource_index/parent_prefix_path/urdf_tutorial
[0.063s] -- Up-to-date: /home/nano/project/ros2_ws/install/urdf_tutorial/share/urdf_tutorial/environment/ament_prefix_path.sh
[0.063s] -- Up-to-date: /home/nano/project/ros2_ws/install/urdf_tutorial/share/urdf_tutorial/environment/ament_prefix_path.dsv
[0.063s] -- Up-to-date: /home/nano/project/ros2_ws/install/urdf_tutorial/share/urdf_tutorial/environment/path.sh
[0.063s] -- Up-to-date: /home/nano/project/ros2_ws/install/urdf_tutorial/share/urdf_tutorial/environment/path.dsv
[0.063s] -- Up-to-date: /home/nano/project/ros2_ws/install/urdf_tutorial/share/urdf_tutorial/local_setup.bash
[0.063s] -- Up-to-date: /home/nano/project/ros2_ws/install/urdf_tutorial/share/urdf_tutorial/local_setup.sh
[0.063s] -- Up-to-date: /home/nano/project/ros2_ws/install/urdf_tutorial/share/urdf_tutorial/local_setup.zsh
[0.063s] -- Up-to-date: /home/nano/project/ros2_ws/install/urdf_tutorial/share/urdf_tutorial/local_setup.dsv
[0.063s] -- Installing: /home/nano/project/ros2_ws/install/urdf_tutorial/share/urdf_tutorial/package.dsv
[0.063s] -- Up-to-date: /home/nano/project/ros2_ws/install/urdf_tutorial/share/ament_index/resource_index/packages/urdf_tutorial
[0.063s] -- Up-to-date: /home/nano/project/ros2_ws/install/urdf_tutorial/share/urdf_tutorial/cmake/urdf_tutorialConfig.cmake
[0.063s] -- Up-to-date: /home/nano/project/ros2_ws/install/urdf_tutorial/share/urdf_tutorial/cmake/urdf_tutorialConfig-version.cmake
[0.063s] -- Up-to-date: /home/nano/project/ros2_ws/install/urdf_tutorial/share/urdf_tutorial/package.xml
[0.078s] Invoked command in '/home/nano/project/ros2_ws/build/urdf_tutorial' returned '0': CMAKE_PREFIX_PATH=${CMAKE_PREFIX_PATH}:/opt/ros/jazzy DEBUGINFOD_URLS=https://debuginfod.ubuntu.com /usr/bin/cmake --install /home/nano/project/ros2_ws/build/urdf_tutorial
