[0.017s] Invoking command in '/home/nano/project/ros2_ws/build/urdf_tutorial': CMAKE_PREFIX_PATH=${CMAKE_PREFIX_PATH}:/opt/ros/jazzy DEBUGINFOD_URLS=https://debuginfod.ubuntu.com /usr/bin/cmake /home/nano/project/ros2_ws/src/robot_model_tutorials -DCMAKE_INSTALL_PREFIX=/home/nano/project/ros2_ws/install/urdf_tutorial
[0.120s] -- The C compiler identification is GNU 13.3.0
[0.191s] -- The CXX compiler identification is GNU 13.3.0
[0.208s] -- Detecting C compiler ABI info
[0.278s] -- Detecting C compiler ABI info - done
[0.283s] -- Check for working C compiler: /usr/bin/cc - skipped
[0.284s] -- Detecting C compile features
[0.284s] -- Detecting C compile features - done
[0.292s] -- Detecting CXX compiler ABI info
[0.361s] -- Detecting CXX compiler ABI info - done
[0.369s] -- Check for working CXX compiler: /usr/bin/c++ - skipped
[0.369s] -- Detecting CXX compile features
[0.369s] -- Detecting CXX compile features - done
[0.372s] -- Found ament_cmake: 2.5.4 (/opt/ros/jazzy/share/ament_cmake/cmake)
[0.478s] -- Found Python3: /usr/bin/python3 (found version "3.12.3") found components: Interpreter 
[0.548s] -- Found ament_lint_auto: 0.17.2 (/opt/ros/jazzy/share/ament_lint_auto/cmake)
[0.607s] -- Configuring done (0.6s)
[0.609s] -- Generating done (0.0s)
[0.610s] -- Build files have been written to: /home/nano/project/ros2_ws/build/urdf_tutorial
[0.614s] Invoked command in '/home/nano/project/ros2_ws/build/urdf_tutorial' returned '0': CMAKE_PREFIX_PATH=${CMAKE_PREFIX_PATH}:/opt/ros/jazzy DEBUGINFOD_URLS=https://debuginfod.ubuntu.com /usr/bin/cmake /home/nano/project/ros2_ws/src/robot_model_tutorials -DCMAKE_INSTALL_PREFIX=/home/nano/project/ros2_ws/install/urdf_tutorial
[0.614s] Invoking command in '/home/nano/project/ros2_ws/build/urdf_tutorial': CMAKE_PREFIX_PATH=${CMAKE_PREFIX_PATH}:/opt/ros/jazzy DEBUGINFOD_URLS=https://debuginfod.ubuntu.com /usr/bin/cmake --build /home/nano/project/ros2_ws/build/urdf_tutorial -- -j12 -l12
[0.642s] Invoked command in '/home/nano/project/ros2_ws/build/urdf_tutorial' returned '0': CMAKE_PREFIX_PATH=${CMAKE_PREFIX_PATH}:/opt/ros/jazzy DEBUGINFOD_URLS=https://debuginfod.ubuntu.com /usr/bin/cmake --build /home/nano/project/ros2_ws/build/urdf_tutorial -- -j12 -l12
[0.642s] Invoking command in '/home/nano/project/ros2_ws/build/urdf_tutorial': CMAKE_PREFIX_PATH=${CMAKE_PREFIX_PATH}:/opt/ros/jazzy DEBUGINFOD_URLS=https://debuginfod.ubuntu.com /usr/bin/cmake --install /home/nano/project/ros2_ws/build/urdf_tutorial
[0.647s] -- Install configuration: ""
[0.648s] -- Installing: /home/nano/project/ros2_ws/install/urdf_tutorial/share/urdf_tutorial/images
[0.648s] -- Installing: /home/nano/project/ros2_ws/install/urdf_tutorial/share/urdf_tutorial/images/materials.png
[0.648s] -- Installing: /home/nano/project/ros2_ws/install/urdf_tutorial/share/urdf_tutorial/images/multipleshapes.png
[0.648s] -- Installing: /home/nano/project/ros2_ws/install/urdf_tutorial/share/urdf_tutorial/images/visual.png
[0.648s] -- Installing: /home/nano/project/ros2_ws/install/urdf_tutorial/share/urdf_tutorial/images/origins.png
[0.648s] -- Installing: /home/nano/project/ros2_ws/install/urdf_tutorial/share/urdf_tutorial/images/myfirst.png
[0.648s] -- Installing: /home/nano/project/ros2_ws/install/urdf_tutorial/share/urdf_tutorial/images/flexible.png
[0.648s] -- Installing: /home/nano/project/ros2_ws/install/urdf_tutorial/share/urdf_tutorial/launch
[0.648s] -- Installing: /home/nano/project/ros2_ws/install/urdf_tutorial/share/urdf_tutorial/launch/display.launch.py
[0.649s] -- Installing: /home/nano/project/ros2_ws/install/urdf_tutorial/share/urdf_tutorial/meshes
[0.649s] -- Installing: /home/nano/project/ros2_ws/install/urdf_tutorial/share/urdf_tutorial/meshes/l_finger_tip_color.png
[0.649s] -- Installing: /home/nano/project/ros2_ws/install/urdf_tutorial/share/urdf_tutorial/meshes/l_finger_color.png
[0.649s] -- Installing: /home/nano/project/ros2_ws/install/urdf_tutorial/share/urdf_tutorial/meshes/l_finger.dae
[0.649s] -- Installing: /home/nano/project/ros2_ws/install/urdf_tutorial/share/urdf_tutorial/meshes/l_finger_tip.dae
[0.649s] -- Installing: /home/nano/project/ros2_ws/install/urdf_tutorial/share/urdf_tutorial/rviz
[0.649s] -- Installing: /home/nano/project/ros2_ws/install/urdf_tutorial/share/urdf_tutorial/rviz/urdf.rviz
[0.649s] -- Installing: /home/nano/project/ros2_ws/install/urdf_tutorial/share/urdf_tutorial/urdf
[0.649s] -- Installing: /home/nano/project/ros2_ws/install/urdf_tutorial/share/urdf_tutorial/urdf/06-flexible.urdf
[0.649s] -- Installing: /home/nano/project/ros2_ws/install/urdf_tutorial/share/urdf_tutorial/urdf/01-myfirst.urdf
[0.650s] -- Installing: /home/nano/project/ros2_ws/install/urdf_tutorial/share/urdf_tutorial/urdf/03-origins.urdf
[0.650s] -- Installing: /home/nano/project/ros2_ws/install/urdf_tutorial/share/urdf_tutorial/urdf/05-visual.urdf
[0.650s] -- Installing: /home/nano/project/ros2_ws/install/urdf_tutorial/share/urdf_tutorial/urdf/08-macroed.urdf.xacro
[0.650s] -- Installing: /home/nano/project/ros2_ws/install/urdf_tutorial/share/urdf_tutorial/urdf/04-materials.urdf
[0.650s] -- Installing: /home/nano/project/ros2_ws/install/urdf_tutorial/share/urdf_tutorial/urdf/02-multipleshapes.urdf
[0.650s] -- Installing: /home/nano/project/ros2_ws/install/urdf_tutorial/share/urdf_tutorial/urdf/07-physics.urdf
[0.650s] -- Installing: /home/nano/project/ros2_ws/install/urdf_tutorial/share/ament_index/resource_index/package_run_dependencies/urdf_tutorial
[0.650s] -- Installing: /home/nano/project/ros2_ws/install/urdf_tutorial/share/ament_index/resource_index/parent_prefix_path/urdf_tutorial
[0.650s] -- Installing: /home/nano/project/ros2_ws/install/urdf_tutorial/share/urdf_tutorial/environment/ament_prefix_path.sh
[0.650s] -- Installing: /home/nano/project/ros2_ws/install/urdf_tutorial/share/urdf_tutorial/environment/ament_prefix_path.dsv
[0.651s] -- Installing: /home/nano/project/ros2_ws/install/urdf_tutorial/share/urdf_tutorial/environment/path.sh
[0.651s] -- Installing: /home/nano/project/ros2_ws/install/urdf_tutorial/share/urdf_tutorial/environment/path.dsv
[0.651s] -- Installing: /home/nano/project/ros2_ws/install/urdf_tutorial/share/urdf_tutorial/local_setup.bash
[0.651s] -- Installing: /home/nano/project/ros2_ws/install/urdf_tutorial/share/urdf_tutorial/local_setup.sh
[0.651s] -- Installing: /home/nano/project/ros2_ws/install/urdf_tutorial/share/urdf_tutorial/local_setup.zsh
[0.652s] -- Installing: /home/nano/project/ros2_ws/install/urdf_tutorial/share/urdf_tutorial/local_setup.dsv
[0.652s] -- Installing: /home/nano/project/ros2_ws/install/urdf_tutorial/share/urdf_tutorial/package.dsv
[0.652s] -- Installing: /home/nano/project/ros2_ws/install/urdf_tutorial/share/ament_index/resource_index/packages/urdf_tutorial
[0.652s] -- Installing: /home/nano/project/ros2_ws/install/urdf_tutorial/share/urdf_tutorial/cmake/urdf_tutorialConfig.cmake
[0.652s] -- Installing: /home/nano/project/ros2_ws/install/urdf_tutorial/share/urdf_tutorial/cmake/urdf_tutorialConfig-version.cmake
[0.652s] -- Installing: /home/nano/project/ros2_ws/install/urdf_tutorial/share/urdf_tutorial/package.xml
[0.652s] Invoked command in '/home/nano/project/ros2_ws/build/urdf_tutorial' returned '0': CMAKE_PREFIX_PATH=${CMAKE_PREFIX_PATH}:/opt/ros/jazzy DEBUGINFOD_URLS=https://debuginfod.ubuntu.com /usr/bin/cmake --install /home/nano/project/ros2_ws/build/urdf_tutorial
