-- Found ament_cmake: 2.5.4 (/opt/ros/jazzy/share/ament_cmake/cmake)
-- Found rclcpp: 28.1.10 (/opt/ros/jazzy/share/rclcpp/cmake)
-- Found rosidl_generator_c: 4.6.5 (/opt/ros/jazzy/share/rosidl_generator_c/cmake)
-- Found rosidl_generator_cpp: 4.6.5 (/opt/ros/jazzy/share/rosidl_generator_cpp/cmake)
-- Using all available rosidl_typesupport_c: rosidl_typesupport_fastrtps_c;rosidl_typesupport_introspection_c
-- Using all available rosidl_typesupport_cpp: rosidl_typesupport_fastrtps_cpp;rosidl_typesupport_introspection_cpp
-- Found rmw_implementation_cmake: 7.3.2 (/opt/ros/jazzy/share/rmw_implementation_cmake/cmake)
-- Found rmw_fastrtps_cpp: 8.4.2 (/opt/ros/jazzy/share/rmw_fastrtps_cpp/cmake)
-- Using RMW implementation 'rmw_fastrtps_cpp' as default
-- Found ament_lint_auto: 0.17.2 (/opt/ros/jazzy/share/ament_lint_auto/cmake)
-- Added test 'lint_cmake' to check CMake code style
-- Added test 'xmllint' to check XML markup files
-- Configuring done (0.7s)
-- Generating done (0.0s)
-- Build files have been written to: /home/nano/project/ros2_ws/build/mycobot_description
-- Install configuration: ""
-- Up-to-date: /home/nano/project/ros2_ws/install/mycobot_description/share/mycobot_description/launch
-- Up-to-date: /home/nano/project/ros2_ws/install/mycobot_description/share/mycobot_description/meshes
-- Up-to-date: /home/nano/project/ros2_ws/install/mycobot_description/share/mycobot_description/meshes/adaptive_gripper
-- Up-to-date: /home/nano/project/ros2_ws/install/mycobot_description/share/mycobot_description/meshes/adaptive_gripper/visual
-- Up-to-date: /home/nano/project/ros2_ws/install/mycobot_description/share/mycobot_description/meshes/adaptive_gripper/visual/gripper_left2.dae
-- Up-to-date: /home/nano/project/ros2_ws/install/mycobot_description/share/mycobot_description/meshes/adaptive_gripper/visual/gripper_right1.dae
-- Up-to-date: /home/nano/project/ros2_ws/install/mycobot_description/share/mycobot_description/meshes/adaptive_gripper/visual/gripper_left3.dae
-- Up-to-date: /home/nano/project/ros2_ws/install/mycobot_description/share/mycobot_description/meshes/adaptive_gripper/visual/gripper_right3.dae
-- Up-to-date: /home/nano/project/ros2_ws/install/mycobot_description/share/mycobot_description/meshes/adaptive_gripper/visual/gripper_left1.dae
-- Up-to-date: /home/nano/project/ros2_ws/install/mycobot_description/share/mycobot_description/meshes/adaptive_gripper/visual/gripper_base.dae
-- Up-to-date: /home/nano/project/ros2_ws/install/mycobot_description/share/mycobot_description/meshes/adaptive_gripper/visual/gripper_right2.dae
[31mCMake Error at cmake_install.cmake:46 (file):
  file INSTALL cannot find
  "/home/nano/project/ros2_ws/src/mycobot_ros2/mycobot_description/rviz": No
  such file or directory.

-- Up-to-date: /home/nano/project/ros2_ws/install/mycobot_description/share/mycobot_description/meshes/g_shape_base_v2_0
-- Up-to-date: /home/nano/project/ros2_ws/install/mycobot_description/share/mycobot_description/meshes/g_shape_base_v2_0/visual
-- Up-to-date: /home/nano/project/ros2_ws/install/mycobot_description/share/mycobot_description/meshes/g_shape_base_v2_0/visual/base_link.dae
-- Up-to-date: /home/nano/project/ros2_ws/install/mycobot_description/share/mycobot_description/meshes/mycobot_280
-- Up-to-date: /home/nano/project/ros2_ws/install/mycobot_description/share/mycobot_description/meshes/mycobot_280/visual
-- Up-to-date: /home/nano/project/ros2_ws/install/mycobot_description/share/mycobot_description/meshes/mycobot_280/visual/link6.png
-- Up-to-date: /home/nano/project/ros2_ws/install/mycobot_description/share/mycobot_description/meshes/mycobot_280/visual/link4.png
-- Up-to-date: /home/nano/project/ros2_ws/install/mycobot_description/share/mycobot_description/meshes/mycobot_280/visual/link7.dae
-- Up-to-date: /home/nano/project/ros2_ws/install/mycobot_description/share/mycobot_description/meshes/mycobot_280/visual/link1.dae
-- Up-to-date: /home/nano/project/ros2_ws/install/mycobot_description/share/mycobot_description/meshes/mycobot_280/visual/link7.png
-- Up-to-date: /home/nano/project/ros2_ws/install/mycobot_description/share/mycobot_description/meshes/mycobot_280/visual/link6.dae
-- Up-to-date: /home/nano/project/ros2_ws/install/mycobot_description/share/mycobot_description/meshes/mycobot_280/visual/link2.png
-- Up-to-date: /home/nano/project/ros2_ws/install/mycobot_description/share/mycobot_description/meshes/mycobot_280/visual/link5.dae
-- Up-to-date: /home/nano/project/ros2_ws/install/mycobot_description/share/mycobot_description/meshes/mycobot_280/visual/link1.png
-- Up-to-date: /home/nano/project/ros2_ws/install/mycobot_description/share/mycobot_description/meshes/mycobot_280/visual/link4.dae
-- Up-to-date: /home/nano/project/ros2_ws/install/mycobot_description/share/mycobot_description/meshes/mycobot_280/visual/link2.dae
-- Up-to-date: /home/nano/project/ros2_ws/install/mycobot_description/share/mycobot_description/meshes/mycobot_280/visual/suit_env.dae
-- Up-to-date: /home/nano/project/ros2_ws/install/mycobot_description/share/mycobot_description/meshes/mycobot_280/visual/link3.dae
-- Up-to-date: /home/nano/project/ros2_ws/install/mycobot_description/share/mycobot_description/meshes/mycobot_280/visual/link3.png
-- Up-to-date: /home/nano/project/ros2_ws/install/mycobot_description/share/mycobot_description/meshes/mycobot_280/visual/link5.png
-- Up-to-date: /home/nano/project/ros2_ws/install/mycobot_description/share/mycobot_description/meshes/d435
-- Up-to-date: /home/nano/project/ros2_ws/install/mycobot_description/share/mycobot_description/meshes/d435/visual
-- Up-to-date: /home/nano/project/ros2_ws/install/mycobot_description/share/mycobot_description/meshes/d435/visual/d435.stl
-- Up-to-date: /home/nano/project/ros2_ws/install/mycobot_description/share/mycobot_description/urdf
-- Up-to-date: /home/nano/project/ros2_ws/install/mycobot_description/share/mycobot_description/urdf/robots
-- Up-to-date: /home/nano/project/ros2_ws/install/mycobot_description/share/mycobot_description/urdf/mech
-- Up-to-date: /home/nano/project/ros2_ws/install/mycobot_description/share/mycobot_description/urdf/sensors
-- Up-to-date: /home/nano/project/ros2_ws/install/mycobot_description/share/mycobot_description/urdf/control
[0m
