[0.011s] Invoking command in '/home/nano/project/ros2_ws/build/mycobot_description': CMAKE_PREFIX_PATH=${CMAKE_PREFIX_PATH}:/opt/ros/jazzy DEBUGINFOD_URLS=https://debuginfod.ubuntu.com /usr/bin/cmake --build /home/nano/project/ros2_ws/build/mycobot_description -- -j12 -l12
[0.047s] -- Found ament_cmake: 2.5.4 (/opt/ros/jazzy/share/ament_cmake/cmake)
[0.280s] -- Found rclcpp: 28.1.10 (/opt/ros/jazzy/share/rclcpp/cmake)
[0.318s] -- Found rosidl_generator_c: 4.6.5 (/opt/ros/jazzy/share/rosidl_generator_c/cmake)
[0.329s] -- Found rosidl_generator_cpp: 4.6.5 (/opt/ros/jazzy/share/rosidl_generator_cpp/cmake)
[0.344s] -- Using all available rosidl_typesupport_c: rosidl_typesupport_fastrtps_c;rosidl_typesupport_introspection_c
[0.361s] -- Using all available rosidl_typesupport_cpp: rosidl_typesupport_fastrtps_cpp;rosidl_typesupport_introspection_cpp
[0.442s] -- Found rmw_implementation_cmake: 7.3.2 (/opt/ros/jazzy/share/rmw_implementation_cmake/cmake)
[0.443s] -- Found rmw_fastrtps_cpp: 8.4.2 (/opt/ros/jazzy/share/rmw_fastrtps_cpp/cmake)
[0.535s] -- Using RMW implementation 'rmw_fastrtps_cpp' as default
[0.633s] -- Found ament_lint_auto: 0.17.2 (/opt/ros/jazzy/share/ament_lint_auto/cmake)
[0.774s] -- Added test 'lint_cmake' to check CMake code style
[0.777s] -- Added test 'xmllint' to check XML markup files
[0.778s] -- Configuring done (0.7s)
[0.782s] -- Generating done (0.0s)
[0.785s] -- Build files have been written to: /home/nano/project/ros2_ws/build/mycobot_description
[0.816s] Invoked command in '/home/nano/project/ros2_ws/build/mycobot_description' returned '0': CMAKE_PREFIX_PATH=${CMAKE_PREFIX_PATH}:/opt/ros/jazzy DEBUGINFOD_URLS=https://debuginfod.ubuntu.com /usr/bin/cmake --build /home/nano/project/ros2_ws/build/mycobot_description -- -j12 -l12
[0.828s] Invoking command in '/home/nano/project/ros2_ws/build/mycobot_description': CMAKE_PREFIX_PATH=${CMAKE_PREFIX_PATH}:/opt/ros/jazzy DEBUGINFOD_URLS=https://debuginfod.ubuntu.com /usr/bin/cmake --install /home/nano/project/ros2_ws/build/mycobot_description
[0.837s] -- Install configuration: ""
[0.838s] -- Up-to-date: /home/nano/project/ros2_ws/install/mycobot_description/share/mycobot_description/launch
[0.838s] -- Up-to-date: /home/nano/project/ros2_ws/install/mycobot_description/share/mycobot_description/meshes
[0.838s] -- Up-to-date: /home/nano/project/ros2_ws/install/mycobot_description/share/mycobot_description/meshes/adaptive_gripper
[0.838s] -- Up-to-date: /home/nano/project/ros2_ws/install/mycobot_description/share/mycobot_description/meshes/adaptive_gripper/visual
[0.838s] -- Up-to-date: /home/nano/project/ros2_ws/install/mycobot_description/share/mycobot_description/meshes/adaptive_gripper/visual/gripper_left2.dae
[0.838s] -- Up-to-date: /home/nano/project/ros2_ws/install/mycobot_description/share/mycobot_description/meshes/adaptive_gripper/visual/gripper_right1.dae
[0.838s] -- Up-to-date: /home/nano/project/ros2_ws/install/mycobot_description/share/mycobot_description/meshes/adaptive_gripper/visual/gripper_left3.dae
[0.839s] -- Up-to-date: /home/nano/project/ros2_ws/install/mycobot_description/share/mycobot_description/meshes/adaptive_gripper/visual/gripper_right3.dae
[0.839s] -- Up-to-date: /home/nano/project/ros2_ws/install/mycobot_description/share/mycobot_description/meshes/adaptive_gripper/visual/gripper_left1.dae
[0.839s] -- Up-to-date: /home/nano/project/ros2_ws/install/mycobot_description/share/mycobot_description/meshes/adaptive_gripper/visual/gripper_base.dae
[0.839s] -- Up-to-date: /home/nano/project/ros2_ws/install/mycobot_description/share/mycobot_description/meshes/adaptive_gripper/visual/gripper_right2.dae
[0.839s] [31mCMake Error at cmake_install.cmake:46 (file):
[0.839s]   file INSTALL cannot find
[0.839s]   "/home/nano/project/ros2_ws/src/mycobot_ros2/mycobot_description/rviz": No
[0.839s]   such file or directory.
[0.839s] 
[0.839s] -- Up-to-date: /home/nano/project/ros2_ws/install/mycobot_description/share/mycobot_description/meshes/g_shape_base_v2_0
[0.839s] -- Up-to-date: /home/nano/project/ros2_ws/install/mycobot_description/share/mycobot_description/meshes/g_shape_base_v2_0/visual
[0.839s] -- Up-to-date: /home/nano/project/ros2_ws/install/mycobot_description/share/mycobot_description/meshes/g_shape_base_v2_0/visual/base_link.dae
[0.839s] -- Up-to-date: /home/nano/project/ros2_ws/install/mycobot_description/share/mycobot_description/meshes/mycobot_280
[0.839s] -- Up-to-date: /home/nano/project/ros2_ws/install/mycobot_description/share/mycobot_description/meshes/mycobot_280/visual
[0.839s] -- Up-to-date: /home/nano/project/ros2_ws/install/mycobot_description/share/mycobot_description/meshes/mycobot_280/visual/link6.png
[0.840s] -- Up-to-date: /home/nano/project/ros2_ws/install/mycobot_description/share/mycobot_description/meshes/mycobot_280/visual/link4.png
[0.840s] -- Up-to-date: /home/nano/project/ros2_ws/install/mycobot_description/share/mycobot_description/meshes/mycobot_280/visual/link7.dae
[0.840s] -- Up-to-date: /home/nano/project/ros2_ws/install/mycobot_description/share/mycobot_description/meshes/mycobot_280/visual/link1.dae
[0.840s] -- Up-to-date: /home/nano/project/ros2_ws/install/mycobot_description/share/mycobot_description/meshes/mycobot_280/visual/link7.png
[0.840s] -- Up-to-date: /home/nano/project/ros2_ws/install/mycobot_description/share/mycobot_description/meshes/mycobot_280/visual/link6.dae
[0.840s] -- Up-to-date: /home/nano/project/ros2_ws/install/mycobot_description/share/mycobot_description/meshes/mycobot_280/visual/link2.png
[0.840s] -- Up-to-date: /home/nano/project/ros2_ws/install/mycobot_description/share/mycobot_description/meshes/mycobot_280/visual/link5.dae
[0.840s] -- Up-to-date: /home/nano/project/ros2_ws/install/mycobot_description/share/mycobot_description/meshes/mycobot_280/visual/link1.png
[0.840s] -- Up-to-date: /home/nano/project/ros2_ws/install/mycobot_description/share/mycobot_description/meshes/mycobot_280/visual/link4.dae
[0.840s] -- Up-to-date: /home/nano/project/ros2_ws/install/mycobot_description/share/mycobot_description/meshes/mycobot_280/visual/link2.dae
[0.840s] -- Up-to-date: /home/nano/project/ros2_ws/install/mycobot_description/share/mycobot_description/meshes/mycobot_280/visual/suit_env.dae
[0.840s] -- Up-to-date: /home/nano/project/ros2_ws/install/mycobot_description/share/mycobot_description/meshes/mycobot_280/visual/link3.dae
[0.840s] -- Up-to-date: /home/nano/project/ros2_ws/install/mycobot_description/share/mycobot_description/meshes/mycobot_280/visual/link3.png
[0.840s] -- Up-to-date: /home/nano/project/ros2_ws/install/mycobot_description/share/mycobot_description/meshes/mycobot_280/visual/link5.png
[0.840s] -- Up-to-date: /home/nano/project/ros2_ws/install/mycobot_description/share/mycobot_description/meshes/d435
[0.841s] -- Up-to-date: /home/nano/project/ros2_ws/install/mycobot_description/share/mycobot_description/meshes/d435/visual
[0.841s] -- Up-to-date: /home/nano/project/ros2_ws/install/mycobot_description/share/mycobot_description/meshes/d435/visual/d435.stl
[0.841s] -- Up-to-date: /home/nano/project/ros2_ws/install/mycobot_description/share/mycobot_description/urdf
[0.841s] -- Up-to-date: /home/nano/project/ros2_ws/install/mycobot_description/share/mycobot_description/urdf/robots
[0.841s] -- Up-to-date: /home/nano/project/ros2_ws/install/mycobot_description/share/mycobot_description/urdf/mech
[0.841s] -- Up-to-date: /home/nano/project/ros2_ws/install/mycobot_description/share/mycobot_description/urdf/sensors
[0.841s] -- Up-to-date: /home/nano/project/ros2_ws/install/mycobot_description/share/mycobot_description/urdf/control
[0.841s] [0m
[0.842s] Invoked command in '/home/nano/project/ros2_ws/build/mycobot_description' returned '1': CMAKE_PREFIX_PATH=${CMAKE_PREFIX_PATH}:/opt/ros/jazzy DEBUGINFOD_URLS=https://debuginfod.ubuntu.com /usr/bin/cmake --install /home/nano/project/ros2_ws/build/mycobot_description
