[0.016s] Invoking command in '/home/nano/project/ros2_ws/build/mycobot_description': CMAKE_PREFIX_PATH=${CMAKE_PREFIX_PATH}:/opt/ros/jazzy DEBUGINFOD_URLS=https://debuginfod.ubuntu.com /usr/bin/cmake --build /home/nano/project/ros2_ws/build/mycobot_description -- -j12 -l12
[0.064s] Invoked command in '/home/nano/project/ros2_ws/build/mycobot_description' returned '0': CMAKE_PREFIX_PATH=${CMAKE_PREFIX_PATH}:/opt/ros/jazzy DEBUGINFOD_URLS=https://debuginfod.ubuntu.com /usr/bin/cmake --build /home/nano/project/ros2_ws/build/mycobot_description -- -j12 -l12
[0.075s] Invoking command in '/home/nano/project/ros2_ws/build/mycobot_description': CMAKE_PREFIX_PATH=${CMAKE_PREFIX_PATH}:/opt/ros/jazzy DEBUGINFOD_URLS=https://debuginfod.ubuntu.com /usr/bin/cmake --install /home/nano/project/ros2_ws/build/mycobot_description
[0.084s] -- Install configuration: ""
[0.084s] -- Up-to-date: /home/nano/project/ros2_ws/install/mycobot_description/share/mycobot_description/launch
[0.084s] -- Up-to-date: /home/nano/project/ros2_ws/install/mycobot_description/share/mycobot_description/meshes
[0.085s] -- Up-to-date: /home/nano/project/ros2_ws/install/mycobot_description/share/mycobot_description/meshes/adaptive_gripper
[0.085s] -- Up-to-date: /home/nano/project/ros2_ws/install/mycobot_description/share/mycobot_description/meshes/adaptive_gripper/visual
[0.085s] -- Up-to-date: /home/nano/project/ros2_ws/install/mycobot_description/share/mycobot_description/meshes/adaptive_gripper/visual/gripper_left2.dae
[0.085s] -- Up-to-date: /home/nano/project/ros2_ws/install/mycobot_description/share/mycobot_description/meshes/adaptive_gripper/visual/gripper_right1.dae
[0.085s] -- Up-to-date: /home/nano/project/ros2_ws/install/mycobot_description/share/mycobot_description/meshes/adaptive_gripper/visual/gripper_left3.dae
[0.085s] -- Up-to-date: /home/nano/project/ros2_ws/install/mycobot_description/share/mycobot_description/meshes/adaptive_gripper/visual/gripper_right3.dae
[0.085s] -- Up-to-date: /home/nano/project/ros2_ws/install/mycobot_description/share/mycobot_description/meshes/adaptive_gripper/visual/gripper_left1.dae
[0.085s] -- Up-to-date: /home/nano/project/ros2_ws/install/mycobot_description/share/mycobot_description/meshes/adaptive_gripper/visual/gripper_base.dae
[0.085s] -- Up-to-date: /home/nano/project/ros2_ws/install/mycobot_description/share/mycobot_description/meshes/adaptive_gripper/visual/gripper_right2.dae
[0.085s] -- Up-to-date: /home/nano/project/ros2_ws/install/mycobot_description/share/mycobot_description/meshes/g_shape_base_v2_0
[0.085s] -- Up-to-date: /home/nano/project/ros2_ws/install/mycobot_description/share/mycobot_description/meshes/g_shape_base_v2_0/visual
[0.085s] -- Up-to-date: /home/nano/project/ros2_ws/install/mycobot_description/share/mycobot_description/meshes/g_shape_base_v2_0/visual/base_link.dae
[0.085s] -- Up-to-date: /home/nano/project/ros2_ws/install/mycobot_description/share/mycobot_description/meshes/mycobot_280
[0.086s] -- Up-to-date: /home/nano/project/ros2_ws/install/mycobot_description/share/mycobot_description/meshes/mycobot_280/visual
[0.086s] -- Up-to-date: /home/nano/project/ros2_ws/install/mycobot_description/share/mycobot_description/meshes/mycobot_280/visual/link6.png
[0.086s] -- Up-to-date: /home/nano/project/ros2_ws/install/mycobot_description/share/mycobot_description/meshes/mycobot_280/visual/link4.png
[0.086s] -- Up-to-date: /home/nano/project/ros2_ws/install/mycobot_description/share/mycobot_description/meshes/mycobot_280/visual/link7.dae
[0.086s] -- Up-to-date: /home/nano/project/ros2_ws/install/mycobot_description/share/mycobot_description/meshes/mycobot_280/visual/link1.dae
[0.086s] -- Up-to-date: /home/nano/project/ros2_ws/install/mycobot_description/share/mycobot_description/meshes/mycobot_280/visual/link7.png
[0.086s] -- Up-to-date: /home/nano/project/ros2_ws/install/mycobot_description/share/mycobot_description/meshes/mycobot_280/visual/link6.dae
[0.086s] -- Up-to-date: /home/nano/project/ros2_ws/install/mycobot_description/share/mycobot_description/meshes/mycobot_280/visual/link2.png
[0.086s] -- Up-to-date: /home/nano/project/ros2_ws/install/mycobot_description/share/mycobot_description/meshes/mycobot_280/visual/link5.dae
[0.086s] -- Up-to-date: /home/nano/project/ros2_ws/install/mycobot_description/share/mycobot_description/meshes/mycobot_280/visual/link1.png
[0.086s] -- Up-to-date: /home/nano/project/ros2_ws/install/mycobot_description/share/mycobot_description/meshes/mycobot_280/visual/link4.dae
[0.086s] -- Up-to-date: /home/nano/project/ros2_ws/install/mycobot_description/share/mycobot_description/meshes/mycobot_280/visual/link2.dae
[0.086s] -- Up-to-date: /home/nano/project/ros2_ws/install/mycobot_description/share/mycobot_description/meshes/mycobot_280/visual/suit_env.dae
[0.086s] -- Up-to-date: /home/nano/project/ros2_ws/install/mycobot_description/share/mycobot_description/meshes/mycobot_280/visual/link3.dae
[0.086s] -- Up-to-date: /home/nano/project/ros2_ws/install/mycobot_description/share/mycobot_description/meshes/mycobot_280/visual/link3.png
[0.087s] -- Up-to-date: /home/nano/project/ros2_ws/install/mycobot_description/share/mycobot_description/meshes/mycobot_280/visual/link5.png
[0.087s] -- Up-to-date: /home/nano/project/ros2_ws/install/mycobot_description/share/mycobot_description/meshes/d435
[0.087s] -- Up-to-date: /home/nano/project/ros2_ws/install/mycobot_description/share/mycobot_description/meshes/d435/visual
[0.087s] -- Up-to-date: /home/nano/project/ros2_ws/install/mycobot_description/share/mycobot_description/meshes/d435/visual/d435.stl
[0.087s] -- Up-to-date: /home/nano/project/ros2_ws/install/mycobot_description/share/mycobot_description/urdf
[0.087s] -- Up-to-date: /home/nano/project/ros2_ws/install/mycobot_description/share/mycobot_description/urdf/robots
[0.087s] -- Up-to-date: /home/nano/project/ros2_ws/install/mycobot_description/share/mycobot_description/urdf/robots/mycobot_280.urdf.xacro
[0.087s] -- Up-to-date: /home/nano/project/ros2_ws/install/mycobot_description/share/mycobot_description/urdf/mech
[0.087s] -- Up-to-date: /home/nano/project/ros2_ws/install/mycobot_description/share/mycobot_description/urdf/mech/adaptive_gripper.urdf.xacro
[0.087s] -- Up-to-date: /home/nano/project/ros2_ws/install/mycobot_description/share/mycobot_description/urdf/mech/mycobot_280_arm.urdf.xacro
[0.087s] -- Up-to-date: /home/nano/project/ros2_ws/install/mycobot_description/share/mycobot_description/urdf/mech/mycobot_280_complete.urdf.xacro
[0.087s] -- Up-to-date: /home/nano/project/ros2_ws/install/mycobot_description/share/mycobot_description/urdf/mech/g_shape_v2_0.urdf.xacro
[0.087s] -- Up-to-date: /home/nano/project/ros2_ws/install/mycobot_description/share/mycobot_description/urdf/sensors
[0.087s] -- Up-to-date: /home/nano/project/ros2_ws/install/mycobot_description/share/mycobot_description/urdf/control
[0.088s] -- Up-to-date: /home/nano/project/ros2_ws/install/mycobot_description/share/mycobot_description/rviz
[0.088s] -- Up-to-date: /home/nano/project/ros2_ws/install/mycobot_description/share/ament_index/resource_index/package_run_dependencies/mycobot_description
[0.088s] -- Up-to-date: /home/nano/project/ros2_ws/install/mycobot_description/share/ament_index/resource_index/parent_prefix_path/mycobot_description
[0.088s] -- Up-to-date: /home/nano/project/ros2_ws/install/mycobot_description/share/mycobot_description/environment/ament_prefix_path.sh
[0.088s] -- Up-to-date: /home/nano/project/ros2_ws/install/mycobot_description/share/mycobot_description/environment/ament_prefix_path.dsv
[0.088s] -- Up-to-date: /home/nano/project/ros2_ws/install/mycobot_description/share/mycobot_description/environment/path.sh
[0.088s] -- Up-to-date: /home/nano/project/ros2_ws/install/mycobot_description/share/mycobot_description/environment/path.dsv
[0.088s] -- Up-to-date: /home/nano/project/ros2_ws/install/mycobot_description/share/mycobot_description/local_setup.bash
[0.088s] -- Up-to-date: /home/nano/project/ros2_ws/install/mycobot_description/share/mycobot_description/local_setup.sh
[0.088s] -- Up-to-date: /home/nano/project/ros2_ws/install/mycobot_description/share/mycobot_description/local_setup.zsh
[0.088s] -- Up-to-date: /home/nano/project/ros2_ws/install/mycobot_description/share/mycobot_description/local_setup.dsv
[0.089s] -- Installing: /home/nano/project/ros2_ws/install/mycobot_description/share/mycobot_description/package.dsv
[0.089s] -- Up-to-date: /home/nano/project/ros2_ws/install/mycobot_description/share/ament_index/resource_index/packages/mycobot_description
[0.089s] -- Up-to-date: /home/nano/project/ros2_ws/install/mycobot_description/share/mycobot_description/cmake/mycobot_descriptionConfig.cmake
[0.089s] -- Up-to-date: /home/nano/project/ros2_ws/install/mycobot_description/share/mycobot_description/cmake/mycobot_descriptionConfig-version.cmake
[0.089s] -- Up-to-date: /home/nano/project/ros2_ws/install/mycobot_description/share/mycobot_description/package.xml
[0.093s] Invoked command in '/home/nano/project/ros2_ws/build/mycobot_description' returned '0': CMAKE_PREFIX_PATH=${CMAKE_PREFIX_PATH}:/opt/ros/jazzy DEBUGINFOD_URLS=https://debuginfod.ubuntu.com /usr/bin/cmake --install /home/nano/project/ros2_ws/build/mycobot_description
