[0.007s] Invoking command in '/home/nano/project/ros2_ws/build/mycobot_ros2': AMENT_PREFIX_PATH=/home/nano/project/ros2_ws/install/mycobot_description:${AMENT_PREFIX_PATH} CMAKE_PREFIX_PATH=/home/nano/project/ros2_ws/install/mycobot_description:/opt/ros/jazzy/opt/gz_math_vendor:/opt/ros/jazzy/opt/gz_utils_vendor:/opt/ros/jazzy/opt/gz_cmake_vendor:/opt/ros/jazzy DEBUGINFOD_URLS=https://debuginfod.ubuntu.com /usr/bin/cmake /home/nano/project/ros2_ws/src/mycobot_ros2/mycobot_ros2 -DCMAKE_INSTALL_PREFIX=/home/nano/project/ros2_ws/install/mycobot_ros2
[0.079s] -- The C compiler identification is GNU 13.3.0
[0.150s] -- The CXX compiler identification is GNU 13.3.0
[0.171s] -- Detecting C compiler ABI info
[0.279s] -- Detecting C compiler ABI info - done
[0.290s] -- Check for working C compiler: /usr/bin/cc - skipped
[0.291s] -- Detecting C compile features
[0.291s] -- Detecting C compile features - done
[0.307s] -- Detecting CXX compiler ABI info
[0.430s] -- Detecting CXX compiler ABI info - done
[0.443s] -- Check for working CXX compiler: /usr/bin/c++ - skipped
[0.443s] -- Detecting CXX compile features
[0.444s] -- Detecting CXX compile features - done
[0.447s] -- Found ament_cmake: 2.5.4 (/opt/ros/jazzy/share/ament_cmake/cmake)
[0.585s] -- Found Python3: /home/nano/.local/share/mise/installs/python/3.10.18/bin/python3 (found version "3.10.18") found components: Interpreter 
[0.690s] -- Found rclcpp: 28.1.10 (/opt/ros/jazzy/share/rclcpp/cmake)
[0.740s] -- Found rosidl_generator_c: 4.6.5 (/opt/ros/jazzy/share/rosidl_generator_c/cmake)
[0.755s] -- Found rosidl_generator_cpp: 4.6.5 (/opt/ros/jazzy/share/rosidl_generator_cpp/cmake)
[0.775s] -- Using all available rosidl_typesupport_c: rosidl_typesupport_fastrtps_c;rosidl_typesupport_introspection_c
[0.796s] -- Using all available rosidl_typesupport_cpp: rosidl_typesupport_fastrtps_cpp;rosidl_typesupport_introspection_cpp
[0.892s] -- Found rmw_implementation_cmake: 7.3.2 (/opt/ros/jazzy/share/rmw_implementation_cmake/cmake)
[0.895s] -- Found rmw_fastrtps_cpp: 8.4.2 (/opt/ros/jazzy/share/rmw_fastrtps_cpp/cmake)
[1.005s] -- Found OpenSSL: /usr/lib/x86_64-linux-gnu/libcrypto.so (found version "3.0.13")  
[1.032s] -- Found FastRTPS: /opt/ros/jazzy/include (Required is at least version "2.13") 
[1.067s] -- Using RMW implementation 'rmw_fastrtps_cpp' as default
[1.161s] -- Found ament_lint_auto: 0.17.2 (/opt/ros/jazzy/share/ament_lint_auto/cmake)
[1.304s] -- Added test 'lint_cmake' to check CMake code style
[1.305s] -- Added test 'xmllint' to check XML markup files
[1.306s] -- Configuring done (1.3s)
[1.309s] -- Generating done (0.0s)
[1.310s] -- Build files have been written to: /home/nano/project/ros2_ws/build/mycobot_ros2
[1.317s] Invoked command in '/home/nano/project/ros2_ws/build/mycobot_ros2' returned '0': AMENT_PREFIX_PATH=/home/nano/project/ros2_ws/install/mycobot_description:${AMENT_PREFIX_PATH} CMAKE_PREFIX_PATH=/home/nano/project/ros2_ws/install/mycobot_description:/opt/ros/jazzy/opt/gz_math_vendor:/opt/ros/jazzy/opt/gz_utils_vendor:/opt/ros/jazzy/opt/gz_cmake_vendor:/opt/ros/jazzy DEBUGINFOD_URLS=https://debuginfod.ubuntu.com /usr/bin/cmake /home/nano/project/ros2_ws/src/mycobot_ros2/mycobot_ros2 -DCMAKE_INSTALL_PREFIX=/home/nano/project/ros2_ws/install/mycobot_ros2
[1.318s] Invoking command in '/home/nano/project/ros2_ws/build/mycobot_ros2': AMENT_PREFIX_PATH=/home/nano/project/ros2_ws/install/mycobot_description:${AMENT_PREFIX_PATH} CMAKE_PREFIX_PATH=/home/nano/project/ros2_ws/install/mycobot_description:/opt/ros/jazzy/opt/gz_math_vendor:/opt/ros/jazzy/opt/gz_utils_vendor:/opt/ros/jazzy/opt/gz_cmake_vendor:/opt/ros/jazzy DEBUGINFOD_URLS=https://debuginfod.ubuntu.com /usr/bin/cmake --build /home/nano/project/ros2_ws/build/mycobot_ros2 -- -j12 -l12
[1.354s] Invoked command in '/home/nano/project/ros2_ws/build/mycobot_ros2' returned '0': AMENT_PREFIX_PATH=/home/nano/project/ros2_ws/install/mycobot_description:${AMENT_PREFIX_PATH} CMAKE_PREFIX_PATH=/home/nano/project/ros2_ws/install/mycobot_description:/opt/ros/jazzy/opt/gz_math_vendor:/opt/ros/jazzy/opt/gz_utils_vendor:/opt/ros/jazzy/opt/gz_cmake_vendor:/opt/ros/jazzy DEBUGINFOD_URLS=https://debuginfod.ubuntu.com /usr/bin/cmake --build /home/nano/project/ros2_ws/build/mycobot_ros2 -- -j12 -l12
[1.354s] Invoking command in '/home/nano/project/ros2_ws/build/mycobot_ros2': AMENT_PREFIX_PATH=/home/nano/project/ros2_ws/install/mycobot_description:${AMENT_PREFIX_PATH} CMAKE_PREFIX_PATH=/home/nano/project/ros2_ws/install/mycobot_description:/opt/ros/jazzy/opt/gz_math_vendor:/opt/ros/jazzy/opt/gz_utils_vendor:/opt/ros/jazzy/opt/gz_cmake_vendor:/opt/ros/jazzy DEBUGINFOD_URLS=https://debuginfod.ubuntu.com /usr/bin/cmake --install /home/nano/project/ros2_ws/build/mycobot_ros2
[1.360s] -- Install configuration: ""
[1.360s] -- Installing: /home/nano/project/ros2_ws/install/mycobot_ros2/share/ament_index/resource_index/package_run_dependencies/mycobot_ros2
[1.361s] -- Installing: /home/nano/project/ros2_ws/install/mycobot_ros2/share/ament_index/resource_index/parent_prefix_path/mycobot_ros2
[1.361s] -- Installing: /home/nano/project/ros2_ws/install/mycobot_ros2/share/mycobot_ros2/environment/ament_prefix_path.sh
[1.361s] -- Installing: /home/nano/project/ros2_ws/install/mycobot_ros2/share/mycobot_ros2/environment/ament_prefix_path.dsv
[1.361s] -- Installing: /home/nano/project/ros2_ws/install/mycobot_ros2/share/mycobot_ros2/environment/path.sh
[1.361s] -- Installing: /home/nano/project/ros2_ws/install/mycobot_ros2/share/mycobot_ros2/environment/path.dsv
[1.361s] -- Installing: /home/nano/project/ros2_ws/install/mycobot_ros2/share/mycobot_ros2/local_setup.bash
[1.361s] -- Installing: /home/nano/project/ros2_ws/install/mycobot_ros2/share/mycobot_ros2/local_setup.sh
[1.361s] -- Installing: /home/nano/project/ros2_ws/install/mycobot_ros2/share/mycobot_ros2/local_setup.zsh
[1.361s] -- Installing: /home/nano/project/ros2_ws/install/mycobot_ros2/share/mycobot_ros2/local_setup.dsv
[1.361s] -- Installing: /home/nano/project/ros2_ws/install/mycobot_ros2/share/mycobot_ros2/package.dsv
[1.361s] -- Installing: /home/nano/project/ros2_ws/install/mycobot_ros2/share/ament_index/resource_index/packages/mycobot_ros2
[1.361s] -- Installing: /home/nano/project/ros2_ws/install/mycobot_ros2/share/mycobot_ros2/cmake/mycobot_ros2Config.cmake
[1.362s] -- Installing: /home/nano/project/ros2_ws/install/mycobot_ros2/share/mycobot_ros2/cmake/mycobot_ros2Config-version.cmake
[1.362s] -- Installing: /home/nano/project/ros2_ws/install/mycobot_ros2/share/mycobot_ros2/package.xml
[1.363s] Invoked command in '/home/nano/project/ros2_ws/build/mycobot_ros2' returned '0': AMENT_PREFIX_PATH=/home/nano/project/ros2_ws/install/mycobot_description:${AMENT_PREFIX_PATH} CMAKE_PREFIX_PATH=/home/nano/project/ros2_ws/install/mycobot_description:/opt/ros/jazzy/opt/gz_math_vendor:/opt/ros/jazzy/opt/gz_utils_vendor:/opt/ros/jazzy/opt/gz_cmake_vendor:/opt/ros/jazzy DEBUGINFOD_URLS=https://debuginfod.ubuntu.com /usr/bin/cmake --install /home/nano/project/ros2_ws/build/mycobot_ros2
