[0.010s] Invoking command in '/home/nano/project/ros2_ws/build/mycobot_description': CMAKE_PREFIX_PATH=${CMAKE_PREFIX_PATH}:/opt/ros/jazzy DEBUGINFOD_URLS=https://debuginfod.ubuntu.com /usr/bin/cmake /home/nano/project/ros2_ws/src/mycobot_ros2/mycobot_description -DCMAKE_INSTALL_PREFIX=/home/nano/project/ros2_ws/install/mycobot_description
[0.030s] -- Found ament_cmake: 2.5.4 (/opt/ros/jazzy/share/ament_cmake/cmake)
[0.246s] -- Found rclcpp: 28.1.10 (/opt/ros/jazzy/share/rclcpp/cmake)
[0.284s] -- Found rosidl_generator_c: 4.6.5 (/opt/ros/jazzy/share/rosidl_generator_c/cmake)
[0.295s] -- Found rosidl_generator_cpp: 4.6.5 (/opt/ros/jazzy/share/rosidl_generator_cpp/cmake)
[0.309s] -- Using all available rosidl_typesupport_c: rosidl_typesupport_fastrtps_c;rosidl_typesupport_introspection_c
[0.327s] -- Using all available rosidl_typesupport_cpp: rosidl_typesupport_fastrtps_cpp;rosidl_typesupport_introspection_cpp
[0.407s] -- Found rmw_implementation_cmake: 7.3.2 (/opt/ros/jazzy/share/rmw_implementation_cmake/cmake)
[0.408s] -- Found rmw_fastrtps_cpp: 8.4.2 (/opt/ros/jazzy/share/rmw_fastrtps_cpp/cmake)
[0.499s] -- Using RMW implementation 'rmw_fastrtps_cpp' as default
[0.582s] -- Found ament_lint_auto: 0.17.2 (/opt/ros/jazzy/share/ament_lint_auto/cmake)
[0.738s] -- Added test 'lint_cmake' to check CMake code style
[0.739s] -- Added test 'xmllint' to check XML markup files
[0.741s] -- Configuring done (0.7s)
[0.745s] -- Generating done (0.0s)
[0.747s] -- Build files have been written to: /home/nano/project/ros2_ws/build/mycobot_description
[0.756s] Invoked command in '/home/nano/project/ros2_ws/build/mycobot_description' returned '0': CMAKE_PREFIX_PATH=${CMAKE_PREFIX_PATH}:/opt/ros/jazzy DEBUGINFOD_URLS=https://debuginfod.ubuntu.com /usr/bin/cmake /home/nano/project/ros2_ws/src/mycobot_ros2/mycobot_description -DCMAKE_INSTALL_PREFIX=/home/nano/project/ros2_ws/install/mycobot_description
[0.758s] Invoking command in '/home/nano/project/ros2_ws/build/mycobot_description': CMAKE_PREFIX_PATH=${CMAKE_PREFIX_PATH}:/opt/ros/jazzy DEBUGINFOD_URLS=https://debuginfod.ubuntu.com /usr/bin/cmake --build /home/nano/project/ros2_ws/build/mycobot_description -- -j12 -l12
[0.804s] Invoked command in '/home/nano/project/ros2_ws/build/mycobot_description' returned '0': CMAKE_PREFIX_PATH=${CMAKE_PREFIX_PATH}:/opt/ros/jazzy DEBUGINFOD_URLS=https://debuginfod.ubuntu.com /usr/bin/cmake --build /home/nano/project/ros2_ws/build/mycobot_description -- -j12 -l12
[0.816s] Invoking command in '/home/nano/project/ros2_ws/build/mycobot_description': CMAKE_PREFIX_PATH=${CMAKE_PREFIX_PATH}:/opt/ros/jazzy DEBUGINFOD_URLS=https://debuginfod.ubuntu.com /usr/bin/cmake --install /home/nano/project/ros2_ws/build/mycobot_description
[0.825s] -- Install configuration: ""
[0.825s] -- Installing: /home/nano/project/ros2_ws/install/mycobot_description/share/ament_index/resource_index/package_run_dependencies/mycobot_description
[0.826s] -- Installing: /home/nano/project/ros2_ws/install/mycobot_description/share/ament_index/resource_index/parent_prefix_path/mycobot_description
[0.826s] -- Installing: /home/nano/project/ros2_ws/install/mycobot_description/share/mycobot_description/environment/ament_prefix_path.sh
[0.826s] -- Installing: /home/nano/project/ros2_ws/install/mycobot_description/share/mycobot_description/environment/ament_prefix_path.dsv
[0.826s] -- Installing: /home/nano/project/ros2_ws/install/mycobot_description/share/mycobot_description/environment/path.sh
[0.826s] -- Installing: /home/nano/project/ros2_ws/install/mycobot_description/share/mycobot_description/environment/path.dsv
[0.826s] -- Installing: /home/nano/project/ros2_ws/install/mycobot_description/share/mycobot_description/local_setup.bash
[0.826s] -- Installing: /home/nano/project/ros2_ws/install/mycobot_description/share/mycobot_description/local_setup.sh
[0.826s] -- Installing: /home/nano/project/ros2_ws/install/mycobot_description/share/mycobot_description/local_setup.zsh
[0.826s] -- Installing: /home/nano/project/ros2_ws/install/mycobot_description/share/mycobot_description/local_setup.dsv
[0.826s] -- Installing: /home/nano/project/ros2_ws/install/mycobot_description/share/mycobot_description/package.dsv
[0.827s] -- Installing: /home/nano/project/ros2_ws/install/mycobot_description/share/ament_index/resource_index/packages/mycobot_description
[0.827s] -- Installing: /home/nano/project/ros2_ws/install/mycobot_description/share/mycobot_description/cmake/mycobot_descriptionConfig.cmake
[0.827s] -- Installing: /home/nano/project/ros2_ws/install/mycobot_description/share/mycobot_description/cmake/mycobot_descriptionConfig-version.cmake
[0.827s] -- Installing: /home/nano/project/ros2_ws/install/mycobot_description/share/mycobot_description/package.xml
[0.829s] Invoked command in '/home/nano/project/ros2_ws/build/mycobot_description' returned '0': CMAKE_PREFIX_PATH=${CMAKE_PREFIX_PATH}:/opt/ros/jazzy DEBUGINFOD_URLS=https://debuginfod.ubuntu.com /usr/bin/cmake --install /home/nano/project/ros2_ws/build/mycobot_description
